<?xml version="1.0" encoding="UTF-8"?>
<!-- Generated by org.testng.reporters.JUnitReportReporter -->
<testsuite hostname="TYSS-Karthik" failures="0" tests="3" name="Generic.KhataBook_UAT" time="0.773" errors="0" timestamp="2022-04-13T15:42:09 IST" skipped="0">
  <testcase classname="Generic.KhataBook_UAT" name="POST_Create" time="0.235"/>
  <system-out/>
  <testcase classname="Generic.KhataBook_UAT" name="GET_Eligibility" time="0.257"/>
  <system-out/>
  <testcase classname="Generic.KhataBook_UAT" name="POST_generateLink" time="0.281"/>
  <system-out/>
</testsuite> <!-- Generic.KhataBook_UAT -->
