<?xml version="1.0" encoding="UTF-8"?>
<!-- Generated by org.testng.reporters.JUnitReportReporter -->
<testsuite hostname="TYSS-Karthik" failures="0" tests="5" name="Tests.test1" time="0.013" errors="0" timestamp="2022-04-13T15:42:09 IST" skipped="0">
  <testcase classname="Tests.test1" name="registerTC" time="0.007"/>
  <system-out/>
  <testcase classname="Tests.test1" name="zz" time="0.002"/>
  <system-out/>
  <testcase classname="Tests.test1" name="zz" time="0.001"/>
  <system-out/>
  <testcase classname="Tests.test1" name="zz" time="0.000"/>
  <system-out/>
  <testcase classname="Tests.test1" name="zz" time="0.003"/>
  <system-out/>
</testsuite> <!-- Tests.test1 -->
